SEÇİM 1 : 

Dosya Uyumludur.

SEÇİM 2: 

En yakın 1.nokta : 
 101.449997 101.199997 100.949997 2 4 6

En yakın 2.nokta : 
 101.300003 101.050003 100.800003 3 6 9

En uzak 0.nokta: 
 101.599998 101.349998 101.099998 1 2 3

En uzak 9.nokta: 
 100.250000 100.000000 99.750000 10 20 30

SEÇİM 3: 

100.250000 100.000000 101.099998
100.250000 101.349998 101.099998
101.599998 100.000000 101.099998
101.599998 101.349998 101.099998
100.250000 100.000000 99.750000
100.250000 101.349998 99.750000
101.599998 100.000000 99.750000
101.599998 101.349998 99.750000

SEÇİM 4: 

Kullanıcıdan alınan r değeri : 5.000000
Kullanıcıdan alınan x değeri : 43.000000
Kullanıcıdan alınan y değeri : 3.000000
Kullanıcıdan alınan z değeri : 2.000000

SEÇİM 5: 

Ortalama: 0.952627