SEÇİM 1 : 

Dosya Uyumludur.

SEÇİM 2: 

En yakın 4558.nokta : 
 97.079498 33.694393 22.512339 76 44 81

En yakın 4599.nokta : 
 97.035797 33.674644 22.449869 182 107 105

En uzak 754.nokta: 
 4.981094 0.087787 99.749023 81 178 204

En uzak 7087.nokta: 
 94.957733 98.022102 0.558709 10 192 126

SEÇİM 3: 

0.015070 0.003270 99.977249
0.015070 99.962685 99.977249
99.999298 0.003270 99.977249
99.999298 99.962685 99.977249
0.015070 0.003270 0.012146
0.015070 99.962685 0.012146
99.999298 0.003270 0.012146
99.999298 99.962685 0.012146

SEÇİM 4: 

Kullanıcıdan alınan r değeri : 5.000000
Kullanıcıdan alınan x değeri : 6.000000
Kullanıcıdan alınan y değeri : 8.000000
Kullanıcıdan alınan z değeri : 3.000000
1711.nokta : 
 4.858072 3.756398 2.055958 219 156 241
2271.nokta : 
 7.462935 8.319630 0.625139 11 0 34
4008.nokta : 
 7.173759 11.816021 2.335375 228 65 99
4997.nokta : 
 7.146841 6.830696 6.587299 135 81 250
5535.nokta : 
 2.445421 8.411303 4.174771 122 230 29
6988.nokta : 
 7.842713 6.447687 1.695848 126 201 98
7038.nokta : 
 3.010062 4.686761 1.248630 204 182 66
8027.nokta : 
 2.749044 9.999460 3.148459 46 157 87

SEÇİM 5: 

Ortalama: 66.096804